<?xml version="1.0" encoding="UTF-8"?>
<coverage generated="1628418780389" clover="3.2.0">
  <project timestamp="1628418780389" name="All files">
    <metrics statements="19" coveredstatements="17" conditionals="2" coveredconditionals="2" methods="8" coveredmethods="3" elements="29" coveredelements="22" complexity="0" loc="19" ncloc="19" packages="1" files="2" classes="2"/>
    <file name="logger.ts" path="/Users/cchampou/code/twitch/src/back/utils/logger.ts">
      <metrics statements="8" coveredstatements="8" conditionals="0" coveredconditionals="0" methods="4" coveredmethods="0"/>
      <line num="3" count="1" type="stmt"/>
      <line num="4" count="1" type="stmt"/>
      <line num="5" count="1" type="stmt"/>
      <line num="6" count="1" type="stmt"/>
      <line num="8" count="1" type="stmt"/>
      <line num="9" count="1" type="stmt"/>
      <line num="10" count="1" type="stmt"/>
      <line num="11" count="1" type="stmt"/>
    </file>
    <file name="string.ts" path="/Users/cchampou/code/twitch/src/back/utils/string.ts">
      <metrics statements="11" coveredstatements="9" conditionals="2" coveredconditionals="2" methods="4" coveredmethods="3"/>
      <line num="4" count="5" type="stmt"/>
      <line num="6" count="1" type="stmt"/>
      <line num="7" count="12" type="cond" truecount="2" falsecount="0"/>
      <line num="8" count="7" type="stmt"/>
      <line num="9" count="7" type="stmt"/>
      <line num="12" count="1" type="stmt"/>
      <line num="16" count="2" type="stmt"/>
      <line num="17" count="2" type="stmt"/>
      <line num="19" count="0" type="stmt"/>
      <line num="20" count="0" type="stmt"/>
      <line num="24" count="1" type="stmt"/>
    </file>
  </project>
</coverage>
