{"/Users/cchampou/code/twitch/src/back/utils/logger.ts": {"path":"/Users/cchampou/code/twitch/src/back/utils/logger.ts","statementMap":{"0":{"start":{"line":3,"column":14},"end":{"line":3,"column":28}},"1":{"start":{"line":4,"column":13},"end":{"line":4,"column":24}},"2":{"start":{"line":5,"column":16},"end":{"line":5,"column":32}},"3":{"start":{"line":6,"column":13},"end":{"line":6,"column":18}},"4":{"start":{"line":8,"column":24},"end":{"line":8,"column":63}},"5":{"start":{"line":8,"column":37},"end":{"line":8,"column":63}},"6":{"start":{"line":9,"column":23},"end":{"line":9,"column":60}},"7":{"start":{"line":9,"column":36},"end":{"line":9,"column":60}},"8":{"start":{"line":10,"column":26},"end":{"line":10,"column":65}},"9":{"start":{"line":10,"column":39},"end":{"line":10,"column":65}},"10":{"start":{"line":11,"column":23},"end":{"line":11,"column":60}},"11":{"start":{"line":11,"column":36},"end":{"line":11,"column":60}}},"fnMap":{"0":{"name":"(anonymous_0)","decl":{"start":{"line":8,"column":24},"end":{"line":8,"column":25}},"loc":{"start":{"line":8,"column":37},"end":{"line":8,"column":63}},"line":8},"1":{"name":"(anonymous_1)","decl":{"start":{"line":9,"column":23},"end":{"line":9,"column":24}},"loc":{"start":{"line":9,"column":36},"end":{"line":9,"column":60}},"line":9},"2":{"name":"(anonymous_2)","decl":{"start":{"line":10,"column":26},"end":{"line":10,"column":27}},"loc":{"start":{"line":10,"column":39},"end":{"line":10,"column":65}},"line":10},"3":{"name":"(anonymous_3)","decl":{"start":{"line":11,"column":23},"end":{"line":11,"column":24}},"loc":{"start":{"line":11,"column":36},"end":{"line":11,"column":60}},"line":11}},"branchMap":{},"s":{"0":1,"1":1,"2":1,"3":1,"4":1,"5":0,"6":1,"7":0,"8":1,"9":0,"10":1,"11":0},"f":{"0":0,"1":0,"2":0,"3":0},"b":{},"_coverageSchema":"1a1c01bbd47fc00a2c39e90264f33305004495a9","hash":"02a955e9de0cea1dac6ec390af1763b43fed893b"}
,"/Users/cchampou/code/twitch/src/back/utils/string.ts": {"path":"/Users/cchampou/code/twitch/src/back/utils/string.ts","statementMap":{"0":{"start":{"line":4,"column":53},"end":{"line":4,"column":76}},"1":{"start":{"line":4,"column":62},"end":{"line":4,"column":76}},"2":{"start":{"line":6,"column":64},"end":{"line":10,"column":1}},"3":{"start":{"line":7,"column":2},"end":{"line":7,"column":34}},"4":{"start":{"line":7,"column":23},"end":{"line":7,"column":34}},"5":{"start":{"line":8,"column":17},"end":{"line":8,"column":29}},"6":{"start":{"line":9,"column":2},"end":{"line":9,"column":33}},"7":{"start":{"line":12,"column":31},"end":{"line":22,"column":1}},"8":{"start":{"line":16,"column":2},"end":{"line":21,"column":3}},"9":{"start":{"line":17,"column":4},"end":{"line":17,"column":33}},"10":{"start":{"line":19,"column":4},"end":{"line":19,"column":16}},"11":{"start":{"line":20,"column":4},"end":{"line":20,"column":16}},"12":{"start":{"line":24,"column":45},"end":{"line":24,"column":66}},"13":{"start":{"line":24,"column":54},"end":{"line":24,"column":66}}},"fnMap":{"0":{"name":"(anonymous_0)","decl":{"start":{"line":4,"column":53},"end":{"line":4,"column":54}},"loc":{"start":{"line":4,"column":62},"end":{"line":4,"column":76}},"line":4},"1":{"name":"(anonymous_1)","decl":{"start":{"line":6,"column":64},"end":{"line":6,"column":65}},"loc":{"start":{"line":6,"column":79},"end":{"line":10,"column":1}},"line":6},"2":{"name":"(anonymous_2)","decl":{"start":{"line":12,"column":31},"end":{"line":12,"column":32}},"loc":{"start":{"line":15,"column":5},"end":{"line":22,"column":1}},"line":15},"3":{"name":"(anonymous_3)","decl":{"start":{"line":24,"column":45},"end":{"line":24,"column":46}},"loc":{"start":{"line":24,"column":54},"end":{"line":24,"column":66}},"line":24}},"branchMap":{"0":{"loc":{"start":{"line":7,"column":2},"end":{"line":7,"column":34}},"type":"if","locations":[{"start":{"line":7,"column":2},"end":{"line":7,"column":34}},{"start":{"line":7,"column":2},"end":{"line":7,"column":34}}],"line":7}},"s":{"0":1,"1":5,"2":1,"3":12,"4":5,"5":7,"6":7,"7":1,"8":2,"9":2,"10":0,"11":0,"12":1,"13":0},"f":{"0":5,"1":12,"2":2,"3":0},"b":{"0":[5,7]},"_coverageSchema":"1a1c01bbd47fc00a2c39e90264f33305004495a9","hash":"a610cc09548a71b9c06ebfb776bcfd124e51087b"}
}
