TN:
SF:src/back/utils/logger.ts
FN:8,(anonymous_0)
FN:9,(anonymous_1)
FN:10,(anonymous_2)
FN:11,(anonymous_3)
FNF:4
FNH:0
FNDA:0,(anonymous_0)
FNDA:0,(anonymous_1)
FNDA:0,(anonymous_2)
FNDA:0,(anonymous_3)
DA:3,1
DA:4,1
DA:5,1
DA:6,1
DA:8,1
DA:9,1
DA:10,1
DA:11,1
LF:8
LH:8
BRF:0
BRH:0
end_of_record
TN:
SF:src/back/utils/string.ts
FN:4,(anonymous_0)
FN:6,(anonymous_1)
FN:12,(anonymous_2)
FN:24,(anonymous_3)
FNF:4
FNH:3
FNDA:5,(anonymous_0)
FNDA:12,(anonymous_1)
FNDA:2,(anonymous_2)
FNDA:0,(anonymous_3)
DA:4,5
DA:6,1
DA:7,12
DA:8,7
DA:9,7
DA:12,1
DA:16,2
DA:17,2
DA:19,0
DA:20,0
DA:24,1
LF:11
LH:9
BRDA:7,0,0,5
BRDA:7,0,1,7
BRF:2
BRH:2
end_of_record
